<?xml version="1.0" encoding="UTF-8"?>
<!-- Generated by org.testng.reporters.JUnitReportReporter -->
<testsuite skipped="0" hostname="DESKTOP-6U2ELF0" name="second.testNG.NewTest" tests="3" failures="0" timestamp="2021-10-28T00:10:17 IST" time="0.011" errors="0">
  <testcase name="loginApplication" time="0.007" classname="second.testNG.NewTest"/>
  <system-out/>
  <testcase name="selectItems" time="0.003" classname="second.testNG.NewTest"/>
  <system-out/>
  <testcase name="checkOut" time="0.001" classname="second.testNG.NewTest"/>
  <system-out/>
</testsuite> <!-- second.testNG.NewTest -->
